Importer Log Report
Document: C:\Users\james\Desktop\PCB\OWLSAT Flight Board\mainboard.kicad_pcb
    Section : Analyze Document from - C:\Users\james\Desktop\PCB\OWLSAT Flight Board\mainboard.kicad_pcb
        Warning: Pad name is empty, autogenerated name 'Un1' assigned to pad pad.
        Warning: Pad name is empty, autogenerated name 'Un2' assigned to pad pad.
        Warning: Module with empty Reference found; fake reference'Un0' generated for module module.
        Warning: Pad name is empty, autogenerated name 'Un1' assigned to pad pad.
        Warning: Pad name is empty, autogenerated name 'Un1' assigned to pad pad.
        Warning: Pad name is empty, autogenerated name 'Un1' assigned to pad pad.
        Warning: Pad name is empty, autogenerated name 'Un1' assigned to pad pad.
        Warning: Pad name is empty, autogenerated name 'Un1' assigned to pad pad.
        Warning: Pad name is empty, autogenerated name 'Un1' assigned to pad pad.
    EndSection
    Section : Import Document - C:\Users\james\Desktop\PCB\OWLSAT Flight Board\Imported mainboard\mainboard.PcbDoc
        Section : Component J10 importing.
        EndSection
        Section : Component D5 importing.
        EndSection
        Section : Component R46 importing.
        EndSection
        Section : Component J14 importing.
        EndSection
        Section : Component R41 importing.
        EndSection
        Section : Component C5 importing.
        EndSection
        Section : Component U3 importing.
        EndSection
        Section : Component REF** importing.
        EndSection
        Section : Component U17 importing.
        EndSection
        Section : Component REF** importing.
        EndSection
        Section : Component REF** importing.
        EndSection
        Section : Component REF** importing.
        EndSection
        Section : Component JP1 importing.
        EndSection
        Section : Component U23 importing.
        EndSection
        Section : Component L2 importing.
        EndSection
        Section : Component L1 importing.
        EndSection
        Section : Component REF** importing.
        EndSection
        Section : Component REF** importing.
        EndSection
        Section : Component REF** importing.
        EndSection
        Section : Component REF** importing.
        EndSection
        Section : Component REF** importing.
        EndSection
        Section : Component REF** importing.
        EndSection
        Section : Component REF** importing.
        EndSection
        Section : Component D1 importing.
        EndSection
        Section : Component U4 importing.
        EndSection
        Section : Component R2 importing.
        EndSection
        Section : Component R1 importing.
        EndSection
        Section : Component U8 importing.
        EndSection
        Section : Component J13 importing.
        EndSection
        Section : Component R51 importing.
        EndSection
        Section : Component R50 importing.
        EndSection
        Section : Component R43 importing.
        EndSection
        Section : Component R5 importing.
        EndSection
        Section : Component REF** importing.
        EndSection
        Section : Component U20 importing.
        EndSection
        Section : Component U15 importing.
        EndSection
        Section : Component Un0 importing.
        EndSection
        Section : Component REF** importing.
        EndSection
        Section : Component REF** importing.
        EndSection
        Section : Component REF** importing.
        EndSection
        Section : Component REF** importing.
        EndSection
        Section : Component REF** importing.
        EndSection
        Section : Component REF** importing.
        EndSection
        Section : Component REF** importing.
        EndSection
        Section : Component REF** importing.
        EndSection
        Section : Component REF** importing.
        EndSection
        Section : Component REF** importing.
        EndSection
        Section : Component REF** importing.
        EndSection
        Section : Component REF** importing.
        EndSection
        Section : Component REF** importing.
        EndSection
        Section : Component REF** importing.
        EndSection
        Section : Component REF** importing.
        EndSection
        Section : Component REF** importing.
        EndSection
        Section : Component REF** importing.
        EndSection
        Section : Component REF** importing.
        EndSection
        Section : Component REF** importing.
        EndSection
        Section : Component REF** importing.
        EndSection
        Section : Component REF** importing.
        EndSection
        Section : Component U2 importing.
        EndSection
        Section : Component REF** importing.
        EndSection
        Section : Component J3 importing.
        EndSection
        Section : Component J4 importing.
        EndSection
        Section : Component R40 importing.
        EndSection
        Section : Component R39 importing.
        EndSection
        Section : Component C31 importing.
        EndSection
        Section : Component C24 importing.
        EndSection
        Section : Component R36 importing.
        EndSection
        Section : Component R35 importing.
        EndSection
        Section : Component R34 importing.
        EndSection
        Section : Component R31 importing.
        EndSection
        Section : Component C39 importing.
        EndSection
        Section : Component C38 importing.
        EndSection
        Section : Component C37 importing.
        EndSection
        Section : Component C36 importing.
        EndSection
        Section : Component C35 importing.
        EndSection
        Section : Component C34 importing.
        EndSection
        Section : Component C33 importing.
        EndSection
        Section : Component J6 importing.
        EndSection
        Section : Component J5 importing.
        EndSection
        Section : Component R29 importing.
        EndSection
        Section : Component R30 importing.
        EndSection
        Section : Component R26 importing.
        EndSection
        Section : Component C32 importing.
        EndSection
        Section : Component C29 importing.
        EndSection
        Section : Component REF** importing.
        EndSection
        Section : Component REF** importing.
        EndSection
        Section : Component REF** importing.
        EndSection
        Section : Component REF** importing.
        EndSection
        Section : Component REF** importing.
        EndSection
        Section : Component REF** importing.
        EndSection
        Section : Component U24 importing.
        EndSection
        Section : Component R42 importing.
        EndSection
        Section : Component J12 importing.
        EndSection
        Section : Component H1 importing.
        EndSection
        Section : Component U12 importing.
        EndSection
        Section : Component U11 importing.
        EndSection
        Section : Component U9 importing.
        EndSection
        Section : Component U10 importing.
        EndSection
        Section : Component J11 importing.
        EndSection
        Section : Component R48 importing.
        EndSection
        Section : Component H4 importing.
        EndSection
        Section : Component H3 importing.
        EndSection
        Section : Component H2 importing.
        EndSection
        Section : Component J8 importing.
        EndSection
        Section : Component J9 importing.
        EndSection
        Section : Component J2 importing.
        EndSection
        Section : Component U1 importing.
        EndSection
        Section : Component U6 importing.
        EndSection
        Section : Component R45 importing.
        EndSection
        Section : Component R44 importing.
        EndSection
        Section : Component R24 importing.
        EndSection
        Section : Component L3 importing.
        EndSection
        Section : Component C30 importing.
        EndSection
        Section : Component JP14 importing.
        EndSection
        Section : Component U5 importing.
        EndSection
        Section : Component C10 importing.
        EndSection
        Section : Component C3 importing.
        EndSection
        Section : Component J7 importing.
        EndSection
        Section : Component Y1 importing.
        EndSection
        Section : Component R4 importing.
        EndSection
        Section : Component R3 importing.
        EndSection
        Section : Component C16 importing.
        EndSection
        Section : Component C14 importing.
        EndSection
        Section : Component C15 importing.
        EndSection
        Section : Component C12 importing.
        EndSection
        Section : Component C13 importing.
        EndSection
        Section : Component C11 importing.
        EndSection
        Section : Component C4 importing.
        EndSection
        Section : Component C2 importing.
        EndSection
        Section : Component C1 importing.
        EndSection
        Section : Component U19 importing.
        EndSection
        Section : Component U18 importing.
        EndSection
        Section : Component U7 importing.
        EndSection
        Section : Component SW1 importing.
        EndSection
        Section : Component R7 importing.
        EndSection
        Section : Component R16 importing.
        EndSection
        Section : Component R19 importing.
        EndSection
        Section : Component R25 importing.
        EndSection
        Section : Component R8 importing.
        EndSection
        Section : Component R37 importing.
        EndSection
        Section : Component R38 importing.
        EndSection
        Section : Component R33 importing.
        EndSection
        Section : Component R32 importing.
        EndSection
        Section : Component R27 importing.
        EndSection
        Section : Component R28 importing.
        EndSection
        Section : Component R23 importing.
        EndSection
        Section : Component R22 importing.
        EndSection
        Section : Component R21 importing.
        EndSection
        Section : Component R15 importing.
        EndSection
        Section : Component R20 importing.
        EndSection
        Section : Component R18 importing.
        EndSection
        Section : Component R14 importing.
        EndSection
        Section : Component R17 importing.
        EndSection
        Section : Component R13 importing.
        EndSection
        Section : Component R12 importing.
        EndSection
        Section : Component R11 importing.
        EndSection
        Section : Component R10 importing.
        EndSection
        Section : Component R9 importing.
        EndSection
        Section : Component R6 importing.
        EndSection
        Section : Component C19 importing.
        EndSection
        Section : Component C20 importing.
        EndSection
        Section : Component C27 importing.
        EndSection
        Section : Component C26 importing.
        EndSection
        Section : Component C28 importing.
        EndSection
        Section : Component C24 importing.
        EndSection
        Section : Component C21 importing.
        EndSection
        Section : Component C25 importing.
        EndSection
        Section : Component C23 importing.
        EndSection
        Section : Component C22 importing.
        EndSection
        Section : Component C18 importing.
        EndSection
        Section : Component C17 importing.
        EndSection
        Section : Component C9 importing.
        EndSection
        Section : Component C7 importing.
        EndSection
        Section : Component C6 importing.
        EndSection
        Section : Component D2 importing.
        EndSection
        Section : Component JP11 importing.
        EndSection
        Section : Component JP12 importing.
        EndSection
        Section : Component JP13 importing.
        EndSection
        Section : Component JP10 importing.
        EndSection
        Section : Component JP8 importing.
        EndSection
        Section : Component JP9 importing.
        EndSection
        Section : Component JP2 importing.
        EndSection
        Section : Component JP3 importing.
        EndSection
        Section : Component JP5 importing.
        EndSection
        Section : Component JP4 importing.
        EndSection
        Section : Component U14 importing.
        EndSection
        Section : Component U13 importing.
        EndSection
        Section : Component J1 importing.
        EndSection
        Section : Component Q1 importing.
        EndSection
        Section : Component Q4 importing.
        EndSection
        Section : Component Q5 importing.
        EndSection
        Section : Component U16 importing.
        EndSection
        Section : Component JP15 importing.
        EndSection
        Section : Component Q2 importing.
        EndSection
        Section : Component D4 importing.
        EndSection
        Section : Component L4 importing.
        EndSection
    EndSection
